[18:57:55] [main/INFO]: Loading Minecraft 1.21.8 with Fabric Loader 0.18.3
[18:57:55] [main/WARN]: Warnings were found!
 - 模组 'Forge Config API Port' (forgeconfigapiport) 21.8.2 建议安装 modmenu 的 任意版本，但没有安装它！
	 - 为了最佳体验，您应该安装 modmenu 的 任意版本。
[18:57:55] [main/INFO]: Loading 70 mods:
	- chatlimit_moi 1.1.0
	- fabric-api 0.136.1+1.21.8
	   |-- fabric-api-base 0.5.0+cd8c0daa2c
	   |-- fabric-api-lookup-api-v1 1.6.101+946bf4c32c
	   |-- fabric-biome-api-v1 16.1.0+c21d71cc2c
	   |-- fabric-block-api-v1 1.1.3+946bf4c32c
	   |-- fabric-block-view-api-v2 1.0.31+946bf4c32c
	   |-- fabric-command-api-v2 2.3.1+52fff9ec2c
	   |-- fabric-content-registries-v0 10.1.0+c75de69d2c
	   |-- fabric-convention-tags-v1 2.1.41+7f945d5b2c
	   |-- fabric-convention-tags-v2 2.15.6+eb5df52f2c
	   |-- fabric-crash-report-info-v1 0.3.15+946bf4c32c
	   |-- fabric-data-attachment-api-v1 1.8.14+97214db32c
	   |-- fabric-data-generation-api-v1 23.2.8+2e1c6d322c
	   |-- fabric-dimensions-v1 4.0.20+948fc79a2c
	   |-- fabric-entity-events-v1 2.1.2+c9e472732c
	   |-- fabric-events-interaction-v0 4.0.26+946bf4c32c
	   |-- fabric-game-rule-api-v1 1.0.73+c64c9c5b2c
	   |-- fabric-item-api-v1 11.5.0+02ce13f42c
	   |-- fabric-item-group-api-v1 4.2.14+c5f9bbc12c
	   |-- fabric-key-binding-api-v1 1.0.65+946bf4c32c
	   |-- fabric-lifecycle-events-v1 2.6.4+db4dfd852c
	   |-- fabric-loot-api-v2 3.0.56+3f89f5a52c
	   |-- fabric-loot-api-v3 2.0.3+946bf4c32c
	   |-- fabric-message-api-v1 6.1.2+946bf4c32c
	   |-- fabric-model-loading-api-v1 5.2.8+946bf4c32c
	   |-- fabric-networking-api-v1 5.1.0+57cb96dd2c
	   |-- fabric-object-builder-api-v1 21.1.10+946bf4c32c
	   |-- fabric-particles-v1 4.1.10+946bf4c32c
	   |-- fabric-recipe-api-v1 8.1.17+946bf4c32c
	   |-- fabric-registry-sync-v0 6.1.30+946bf4c32c
	   |-- fabric-renderer-api-v1 7.0.5+208eed172c
	   |-- fabric-renderer-indigo 4.0.5+946bf4c32c
	   |-- fabric-rendering-fluids-v1 3.1.31+fa6cb72b2c
	   |-- fabric-rendering-v1 12.6.0+486b7ff72c
	   |-- fabric-resource-conditions-api-v1 5.0.25+98e6d6db2c
	   |-- fabric-resource-loader-v0 3.1.12+020423442c
	   |-- fabric-screen-api-v1 2.2.0+e0cb65d02c
	   |-- fabric-screen-handler-api-v1 1.3.139+946bf4c32c
	   |-- fabric-serialization-api-v1 1.0.0+fc0e5aba2c
	   |-- fabric-sound-api-v1 1.0.42+946bf4c32c
	   |-- fabric-tag-api-v1 1.2.2+946bf4c32c
	   |-- fabric-transfer-api-v1 6.0.6+946bf4c32c
	   \-- fabric-transitive-access-wideners-v1 6.5.0+c847ce762c
	- fabric-language-kotlin 1.13.12+kotlin.2.4.0
	   |-- org_jetbrains_kotlin_kotlin-reflect 2.4.0
	   |-- org_jetbrains_kotlin_kotlin-stdlib 2.4.0
	   |-- org_jetbrains_kotlin_kotlin-stdlib-jdk7 2.4.0
	   |-- org_jetbrains_kotlin_kotlin-stdlib-jdk8 2.4.0
	   |-- org_jetbrains_kotlinx_atomicfu-jvm 0.33.0
	   |-- org_jetbrains_kotlinx_kotlinx-coroutines-core-jvm 1.11.0
	   |-- org_jetbrains_kotlinx_kotlinx-coroutines-jdk8 1.11.0
	   |-- org_jetbrains_kotlinx_kotlinx-datetime-jvm 0.8.0
	   |-- org_jetbrains_kotlinx_kotlinx-io-bytestring-jvm 0.9.0
	   |-- org_jetbrains_kotlinx_kotlinx-io-core-jvm 0.9.0
	   |-- org_jetbrains_kotlinx_kotlinx-serialization-cbor-jvm 1.11.0
	   |-- org_jetbrains_kotlinx_kotlinx-serialization-core-jvm 1.11.0
	   \-- org_jetbrains_kotlinx_kotlinx-serialization-json-jvm 1.11.0
	- fabricloader 0.18.3
	   \-- mixinextras 0.5.0
	- forgeconfigapiport 21.8.2
	   |-- com_electronwill_night-config_core 3.8.3
	   \-- com_electronwill_night-config_toml 3.8.3
	- geckolib 5.2.2
	- java 21
	- mcwifipnp 1.9.6
	- minecraft 1.21.8
	- modernui 3.12.0.4
	   \-- org_commonmark_commonmark 0.25.0
	- monvhua 0.8.5-Beta
	   \-- org_commonmark_commonmark 0.25.0
[18:57:55] [main/INFO]: SpongePowered MIXIN Subsystem Version=0.8.7 Source=file:/E:/%e9%ad%94%e6%b3%95%e5%b0%91%e5%a5%b3%e7%9a%84%e6%ba%83%e8%ae%ba%e8%a6%86%e8%be%992/.minecraft/libraries/net/fabricmc/sponge-mixin/0.16.5+mixin.0.8.7/sponge-mixin-0.16.5+mixin.0.8.7.jar Service=Knot/Fabric Env=CLIENT
[18:57:55] [main/INFO]: Compatibility level set to JAVA_21
[18:57:55] [main/WARN]: Reference map 'forgeconfigapiport.common.refmap.json' for forgeconfigapiport.common.mixins.json could not be read. If this is a development environment you can ignore this message
[18:57:56] [main/WARN]: Reference map 'monvhua.client.refmap.json' for monvhua.client.mixins.json could not be read. If this is a development environment you can ignore this message
[18:57:56] [main/WARN]: Error loading class: net/caffeinemc/mods/sodium/client/render/frapi/render/AbstractBlockRenderContext (java.lang.ClassNotFoundException: net/caffeinemc/mods/sodium/client/render/frapi/render/AbstractBlockRenderContext)
[18:57:56] [main/WARN]: Error loading class: net/caffeinemc/mods/sodium/client/render/chunk/compile/pipeline/DefaultFluidRenderer (java.lang.ClassNotFoundException: net/caffeinemc/mods/sodium/client/render/chunk/compile/pipeline/DefaultFluidRenderer)
[18:57:56] [main/WARN]: Error loading class: net/caffeinemc/mods/sodium/client/render/chunk/compile/pipeline/BlockRenderer (java.lang.ClassNotFoundException: net/caffeinemc/mods/sodium/client/render/chunk/compile/pipeline/BlockRenderer)
[18:57:56] [main/WARN]: Error loading class: org/jetbrains/annotations/ApiStatus$Internal (java.lang.ClassNotFoundException: org/jetbrains/annotations/ApiStatus$Internal)
[18:57:56] [main/INFO]: Initializing MixinExtras via com.llamalad7.mixinextras.service.MixinExtrasServiceImpl(version=0.5.0).
[18:57:58] [Datafixer Bootstrap/INFO]: 269 Datafixer optimizations took 559 milliseconds
[18:58:04] [Render thread/INFO]: Environment: Environment[sessionHost=https://sessionserver.mojang.com, servicesHost=https://api.minecraftservices.com, name=PROD]
[18:58:04] [Render thread/INFO]: Setting user: fortimesand
[18:58:04] [Render thread/INFO]: ChatLimit_Moi initializing...
[18:58:04] [Render thread/INFO]: ChatLimit_Moi initialized successfully
[18:58:04] [Render thread/WARN]: Signature is missing
[18:58:04] [Render thread/INFO]: Modern UI common config loaded/reloaded
[18:58:05] [Render thread/INFO]: Initialized Modern UI
[18:58:05] [Render thread/INFO]: [monvhua] Registered 112 role x stage effects.
[18:58:05] [Render thread/INFO]: Mirror data file not found at E:\魔法少女的溃论覆辙2\.minecraft\versions\mod测试专用整合包\config\mirror_data.json
[18:58:05] [Download-2/ERROR]: Failed to fetch user properties
com.mojang.authlib.exceptions.InvalidCredentialsException: Status: 401
	at knot/com.mojang.authlib.exceptions.MinecraftClientHttpException.toAuthenticationException(MinecraftClientHttpException.java:59) ~[authlib-6.0.58.jar:?]
	at knot/com.mojang.authlib.yggdrasil.YggdrasilUserApiService.fetchProperties(YggdrasilUserApiService.java:150) ~[authlib-6.0.58.jar:?]
	at knot/net.minecraft.class_310.method_55608(class_310.java:463) ~[client-intermediary.jar:?]
	at java.base/java.util.concurrent.CompletableFuture$AsyncSupply.run(CompletableFuture.java:1768) ~[?:?]
	at java.base/java.util.concurrent.ThreadPoolExecutor.runWorker(ThreadPoolExecutor.java:1144) ~[?:?]
	at java.base/java.util.concurrent.ThreadPoolExecutor$Worker.run(ThreadPoolExecutor.java:642) ~[?:?]
	at java.base/java.lang.Thread.run(Thread.java:1583) [?:?]
Caused by: com.mojang.authlib.exceptions.MinecraftClientHttpException: Status: 401
	at knot/com.mojang.authlib.minecraft.client.MinecraftClient.readInputStream(MinecraftClient.java:103) ~[authlib-6.0.58.jar:?]
	at knot/com.mojang.authlib.minecraft.client.MinecraftClient.get(MinecraftClient.java:56) ~[authlib-6.0.58.jar:?]
	at knot/com.mojang.authlib.yggdrasil.YggdrasilUserApiService.fetchProperties(YggdrasilUserApiService.java:121) ~[authlib-6.0.58.jar:?]
	... 5 more
[18:58:05] [Render thread/INFO]: ImitateManager initialized
[18:58:05] [Render thread/INFO]: === 开始注册音效 ===
[18:58:05] [Render thread/INFO]: SOUND_WAVE_ID: monvhua:sound_wave
[18:58:05] [Render thread/INFO]: TINNITUS_ID: monvhua:tinnitus
[18:58:05] [Render thread/INFO]: SOUND_WAVE注册成功
[18:58:05] [Render thread/INFO]: TINNITUS注册成功
[18:58:05] [Render thread/INFO]: === 音效注册完成 ===
[18:58:05] [Render thread/INFO]: [Indigo] Registering Indigo renderer!
[18:58:05] [Render thread/INFO]: Modern UI client config loaded/reloaded
[18:58:05] [Render thread/INFO]: Modern UI text config loaded/reloaded
[18:58:05] [Render thread/INFO]: Created TextLayoutEngine
[18:58:05] [Render thread/INFO]: Created MuiFabricApi
[18:58:05] [Render thread/INFO]: Initialized Modern UI text engine
[18:58:05] [Render thread/INFO]: Initialized Modern UI client
[18:58:05] [Render thread/INFO]: [Monvhua] Axiom not found; area tip stick will run without Axiom tools
[18:58:06] [Render thread/INFO]: Backend library: LWJGL version 3.3.3-snapshot
[18:58:06] [Render thread/INFO]: Promoted to OpenGL 4.6 Core Profile
[18:58:07] [Render thread/INFO]: Identified OpenGL vendor: NVIDIA
[18:58:07] [Render thread/INFO]: Identified OpenGL driver: NVIDIA
[18:58:07] [Render thread/INFO]: Using OpenGL 4.6 and GLSL 4.50
[18:58:07] [Render thread/INFO]: Use NV_conservative_raster
[18:58:07] [Render thread/INFO]: Use NV_blend_equation_advanced_coherent
[18:58:07] [Render thread/INFO]: OpenGL vendor: NVIDIA Corporation
[18:58:07] [Render thread/INFO]: OpenGL renderer: NVIDIA GeForce GTX 1650/PCIe/SSE2
[18:58:07] [Render thread/INFO]: OpenGL version: 4.6.0 NVIDIA 595.97
[18:58:07] [Render thread/INFO]: OpenGL caps: 
AnisotropySupport: true
GpuTracingSupport: false
ConservativeRasterSupport: true
TextureBarrierSupport: true
DepthClipNegativeOneToOne: true
BlendEquationSupport: ADVANCED_COHERENT
ClampToBorderSupport: true
MaxRenderTargetSize: 32768
MaxPreferredRenderTargetSize: 32768
MaxVertexAttributes: 16
MaxVertexBindings: 16
MaxTextureSize: 32768
MaxPushConstantsSize: 0
MaxColorAttachments: 8
MinUniformBufferOffsetAlignment: 256
MinStorageBufferOffsetAlignment: 16
ShaderCaps:
	TargetAPI: OPENGL_4_5
	GLSLVersion: GLSL_450
	SPIRVVersion: null
	FMASupport: true
	DualSourceBlendingSupport: true
	PreferFlatInterpolation: true
	VertexIDSupport: true
	InfinitySupport: true
	NonConstantArrayIndexSupport: true
	BitManipulationSupport: true
	NoPerspectiveInterpolationSupport: true
	ReducedShaderMode: false
	TextureQueryLod: true
	UseUniformBinding: true
	UseVaryingLocation: true
	UseBlockMemberOffset: true
	UsePrecisionModifiers: false
	RequiresLocalOutputColorForFBFetch: false
	MustObfuscateUniformColor: false
	MustWriteToFragColor: false
	ColorSpaceMathNeedsFloat: false
	AvoidDfDxForGradientsWhenPossible: false
	SecondaryOutputExtension: null
	AdvBlendEqInteraction: 1
	MaxFragmentSamplers: 32
Vendor: NVIDIA
Driver: NVIDIA
MaxFragmentUniformVectors: 1024
MaxTextureMaxAnisotropy: 16.0
SupportsProtected: false
SkipErrorChecks: true
MaxLabelLength: 256
DebugSupport: true
BufferStorageSupport: true
DrawElementsBaseVertexSupport: true
BaseInstanceSupport: true
DSASupport: true
InvalidateBufferType: 2
InvalidateFramebufferSupport: true
VertexAttribBindingSupport: true
CopyImageSupport: true
SPIRVSupport: false
ViewCompatibilityClassSupport: true
TexStorageSupport: true
ProgramBinarySupport: true
ProgramBinaryFormats: [36385]
GLSLVersion: 460
ColorTypeToBackendFormat:
	UNKNOWN=>GLenum [0x0]
	BGR_565=>RGB565
	R_8=>R8
	RG_88=>RG8
	RGB_888=>RGB8
	RGBX_8888=>GLenum [0x0]
	RGBA_8888=>RGBA8
	BGRA_8888=>RGBA8
	RGBA_8888_SRGB=>SRGB8_ALPHA8
	RGBA_1010102=>RGB10_A2
	BGRA_1010102=>RGB10_A2
	R_16=>GLenum [0x0]
	R_F16=>GLenum [0x0]
	RG_1616=>RG16
	RG_F16=>RG16F
	RGBA_16161616=>RGBA16
	RGBA_F16=>RGBA16F
	RGBA_F16_CLAMPED=>RGBA16F
	RGBA_F32=>GLenum [0x0]
	ALPHA_8=>R8
	ALPHA_16=>R16
	ALPHA_F16=>R16F
	GRAY_8=>R8
	GRAY_ALPHA_88=>RG8
	ABGR_8888=>GLenum [0x0]
	ARGB_8888=>GLenum [0x0]
CompressionTypeToBackendFormat: [null, {mBackend=OpenGL, mFormat=ETC2}, {mBackend=OpenGL, mFormat=RGB8_BC1}, {mBackend=OpenGL, mFormat=RGBA8_BC1}]

[18:58:07] [Render thread/INFO]: UI manager initialized
[18:58:07] [Render thread/INFO]: Using optional rendering extensions: GL_ARB_buffer_storage, GL_KHR_debug, GL_ARB_vertex_attrib_binding, GL_ARB_direct_state_access
[18:58:08] [UI thread/INFO]: UI thread initialized in 591ms
[18:58:08] [Render thread/INFO]: Reloading ResourceManager: vanilla, fabric, chatlimit_moi, fabric-api, fabric-api-base, fabric-api-lookup-api-v1, fabric-biome-api-v1, fabric-block-api-v1, fabric-block-view-api-v2, fabric-command-api-v2, fabric-content-registries-v0, fabric-convention-tags-v1, fabric-convention-tags-v2, fabric-crash-report-info-v1, fabric-data-attachment-api-v1, fabric-data-generation-api-v1, fabric-dimensions-v1, fabric-entity-events-v1, fabric-events-interaction-v0, fabric-game-rule-api-v1, fabric-item-api-v1, fabric-item-group-api-v1, fabric-key-binding-api-v1, fabric-language-kotlin, fabric-lifecycle-events-v1, fabric-loot-api-v2, fabric-loot-api-v3, fabric-message-api-v1, fabric-model-loading-api-v1, fabric-networking-api-v1, fabric-object-builder-api-v1, fabric-particles-v1, fabric-recipe-api-v1, fabric-registry-sync-v0, fabric-renderer-api-v1, fabric-renderer-indigo, fabric-rendering-fluids-v1, fabric-rendering-v1, fabric-resource-conditions-api-v1, fabric-resource-loader-v0, fabric-screen-api-v1, fabric-screen-handler-api-v1, fabric-serialization-api-v1, fabric-sound-api-v1, fabric-tag-api-v1, fabric-transfer-api-v1, fabric-transitive-access-wideners-v1, fabricloader, forgeconfigapiport, mcwifipnp, modernui, monvhua
[18:58:09] [Worker-Main-7/ERROR]: Invalid path in mod resource-pack modernui: modernui:font/muii18ncompat/OFL.txt, ignoring
[18:58:09] [Worker-Main-2/INFO]: Scanned emoji shortcodes: 6923
[18:58:09] [Download-2/INFO]: Could not authorize you against Realms server: java.lang.RuntimeException: Failed to parse into SignedJWT: 000000000000300B9C3B6DBCBF020B9C
[18:58:09] [Download-2/ERROR]: Failed to fetch Realms feature flags
net.minecraft.class_4355: Realms authentication error with message 'java.lang.RuntimeException: Failed to parse into SignedJWT: 000000000000300B9C3B6DBCBF020B9C'
	at knot/net.minecraft.class_4341.method_20998(class_4341.java:538) ~[client-intermediary.jar:?]
	at knot/net.minecraft.class_4341.method_68466(class_4341.java:191) ~[client-intermediary.jar:?]
	at java.base/java.util.concurrent.CompletableFuture$AsyncSupply.run(CompletableFuture.java:1768) ~[?:?]
	at java.base/java.util.concurrent.ThreadPoolExecutor.runWorker(ThreadPoolExecutor.java:1144) ~[?:?]
	at java.base/java.util.concurrent.ThreadPoolExecutor$Worker.run(ThreadPoolExecutor.java:642) ~[?:?]
	at java.base/java.lang.Thread.run(Thread.java:1583) [?:?]
[18:58:09] [ForkJoinPool.commonPool-worker-4/INFO]: Redirect registered font 'mui-i18n-compat' to 'modernui:mui-i18n-compat'
[18:58:09] [ForkJoinPool.commonPool-worker-4/INFO]: Registered font 'mui-i18n-compat', location 'modernui:font/muii18ncompat/muii18ncompat.ttf' in pack: 'modernui'
[18:58:09] [ForkJoinPool.commonPool-worker-2/INFO]: Redirect registered font 'Inter Frozen Medium' to 'modernui:inter-frozen-medium'
[18:58:09] [ForkJoinPool.commonPool-worker-2/INFO]: Registered font 'Inter Frozen Medium', location 'modernui:font/inter-frozen-medium.otf' in pack: 'modernui'
[18:58:09] [ForkJoinPool.commonPool-worker-1/INFO]: Registered font 'Inter Frozen Medium', location 'modernui:font/inter-frozen-medium-italic.otf' in pack: 'modernui'
[18:58:09] [ForkJoinPool.commonPool-worker-3/INFO]: Redirect registered font 'JetBrains Mono Medium' to 'modernui:jetbrains-mono-medium'
[18:58:09] [ForkJoinPool.commonPool-worker-3/INFO]: Registered font 'JetBrains Mono Medium', location 'modernui:font/jetbrains-mono-medium.ttf' in pack: 'modernui'
[18:58:09] [Worker-Main-4/INFO]: Scanned emoji map size: 3581
[18:58:09] [ForkJoinPool.commonPool-worker-5/INFO]: Redirect registered font 'Source Han Sans CN Medium' to 'modernui:source-han-sans-cn-medium'
[18:58:09] [ForkJoinPool.commonPool-worker-5/INFO]: Registered font 'Source Han Sans CN Medium', location 'modernui:font/source-han-sans-cn-medium.otf' in pack: 'modernui'
[18:58:09] [Worker-Main-7/INFO]: Font 'Noto Sans' failed to load or invalid
[18:58:09] [Worker-Main-7/INFO]: Font 'San Francisco' failed to load or invalid
[18:58:09] [Worker-Main-7/INFO]: Font 'Open Sans' failed to load or invalid
[18:58:09] [Worker-Main-7/INFO]: Font 'STHeiti' failed to load or invalid
[18:58:09] [Worker-Main-7/INFO]: Loaded typeface: FontCollection{mFamilies=[Inter Frozen Medium, Source Han Sans CN Medium, Segoe UI Variable, Segoe UI, SimHei, Segoe UI Symbol, mui-i18n-compat], mExclusiveEastAsianBits=null}
[18:58:09] [Worker-Main-7/ERROR]: Invalid path in mod resource-pack modernui: modernui:font/muii18ncompat/OFL.txt, ignoring
[18:58:09] [Render thread/INFO]: UI renderer initialized
[18:58:09] [Worker-Main-15/WARN]: Texture monvhua:block/shader_use3 with size 1873x1836 limits mip level from 4 to 0
[18:58:09] [Worker-Main-15/WARN]: minecraft:textures/atlas/blocks.png: dropping miplevel from 4 to 0, because of minimum power of two: 1
[18:58:09] [Worker-Main-7/INFO]: Loaded raw font 'minecraft:alt' in pack: 'vanilla'
[18:58:09] [Worker-Main-7/INFO]: Loaded raw font bundle: 'minecraft:font/alt.json', font set: [minecraft:include/space,minecraft:font/ascii_sga.png]
[18:58:09] [Worker-Main-7/INFO]: Loaded raw font 'minecraft:default' in pack: 'vanilla'
[18:58:09] [Worker-Main-7/INFO]: Loaded raw font bundle: 'minecraft:font/default.json', font set: [minecraft:include/space,minecraft:include/default]
[18:58:09] [Worker-Main-7/INFO]: Loaded raw font 'minecraft:illageralt' in pack: 'vanilla'
[18:58:09] [Worker-Main-7/INFO]: Loaded raw font bundle: 'minecraft:font/illageralt.json', font set: [minecraft:include/space,minecraft:font/asciillager.png]
[18:58:09] [Worker-Main-5/INFO]: [STDERR]: java.util.concurrent.CompletionException: java.lang.RuntimeException: monvhua:geckolib/animations/drag.json: Error building animations from JSON
[18:58:09] [Worker-Main-5/INFO]: [STDERR]: 	at java.base/java.util.concurrent.CompletableFuture.encodeThrowable(CompletableFuture.java:315)
[18:58:09] [Worker-Main-5/INFO]: [STDERR]: 	at java.base/java.util.concurrent.CompletableFuture.completeThrowable(CompletableFuture.java:320)
[18:58:09] [Worker-Main-5/INFO]: [STDERR]: 	at java.base/java.util.concurrent.CompletableFuture$AsyncSupply.run(CompletableFuture.java:1770)
[18:58:09] [Worker-Main-5/INFO]: [STDERR]: 	at knot//net.minecraft.class_4014.method_67576(class_4014.java:52)
[18:58:09] [Worker-Main-5/INFO]: [STDERR]: 	at java.base/java.util.concurrent.ForkJoinTask$RunnableExecuteAction.exec(ForkJoinTask.java:1423)
[18:58:09] [Worker-Main-5/INFO]: [STDERR]: 	at java.base/java.util.concurrent.ForkJoinTask.doExec(ForkJoinTask.java:387)
[18:58:09] [Worker-Main-5/INFO]: [STDERR]: 	at java.base/java.util.concurrent.ForkJoinPool$WorkQueue.topLevelExec(ForkJoinPool.java:1312)
[18:58:09] [Worker-Main-5/INFO]: [STDERR]: 	at java.base/java.util.concurrent.ForkJoinPool.scan(ForkJoinPool.java:1843)
[18:58:09] [Worker-Main-5/INFO]: [STDERR]: 	at java.base/java.util.concurrent.ForkJoinPool.runWorker(ForkJoinPool.java:1808)
[18:58:09] [Worker-Main-5/INFO]: [STDERR]: 	at java.base/java.util.concurrent.ForkJoinWorkerThread.run(ForkJoinWorkerThread.java:188)
[18:58:09] [Worker-Main-5/INFO]: [STDERR]: Caused by: java.lang.RuntimeException: monvhua:geckolib/animations/drag.json: Error building animations from JSON
[18:58:09] [Worker-Main-5/INFO]: [STDERR]: 	at knot//software.bernie.geckolib.GeckoLibConstants.exception(GeckoLibConstants.java:52)
[18:58:09] [Worker-Main-5/INFO]: [STDERR]: 	at knot//software.bernie.geckolib.cache.GeckoLibResources.bakeAnimations(GeckoLibResources.java:194)
[18:58:09] [Worker-Main-5/INFO]: [STDERR]: 	at knot//software.bernie.geckolib.cache.GeckoLibResources.lambda$bakeJsonResources$5(GeckoLibResources.java:128)
[18:58:09] [Worker-Main-5/INFO]: [STDERR]: 	at java.base/java.util.concurrent.CompletableFuture$AsyncSupply.run(CompletableFuture.java:1768)
[18:58:09] [Worker-Main-5/INFO]: [STDERR]: 	... 7 more
[18:58:09] [Worker-Main-5/INFO]: [STDERR]: Caused by: com.google.gson.JsonSyntaxException: Expected animations to be a JsonObject, was an array ([{"b...]}])
[18:58:09] [Worker-Main-5/INFO]: [STDERR]: 	at knot//net.minecraft.class_3518.method_15295(class_3518.java:417)
[18:58:09] [Worker-Main-5/INFO]: [STDERR]: 	at knot//net.minecraft.class_3518.method_15296(class_3518.java:423)
[18:58:09] [Worker-Main-5/INFO]: [STDERR]: 	at knot//software.bernie.geckolib.cache.GeckoLibResources.bakeAnimations(GeckoLibResources.java:188)
[18:58:09] [Worker-Main-5/INFO]: [STDERR]: 	... 9 more
[18:58:09] [Worker-Main-7/INFO]: Loaded raw font 'minecraft:include/default' in pack: 'vanilla'
[18:58:09] [Worker-Main-7/INFO]: Loaded raw font bundle: 'minecraft:font/include/default.json', font set: [minecraft:font/nonlatin_european.png,minecraft:font/accented.png,minecraft:font/ascii.png]
[18:58:09] [Worker-Main-7/INFO]: Loaded raw font 'minecraft:include/space' in pack: 'vanilla'
[18:58:09] [Worker-Main-7/INFO]: Loaded raw font bundle: 'minecraft:font/include/space.json', font set: [minecraft:include/space / minecraft:space]
[18:58:09] [Worker-Main-7/INFO]: Loaded raw font 'minecraft:include/unifont_pua' in pack: 'vanilla'
[18:58:09] [Worker-Main-7/INFO]: Loaded raw font bundle: 'minecraft:font/include/unifont_pua.json', font set: [modernui:internal-default]
[18:58:09] [Render thread/INFO]: Reloaded text layout engine, res level: 2 to 3, locale: zh_CN, layout RTL: false
[18:58:09] [Worker-Main-7/INFO]: Loaded font: 'minecraft:include/space', font set: [minecraft:include/space / minecraft:space]
[18:58:09] [Worker-Main-7/INFO]: Loaded font: 'minecraft:include/default', font set: [minecraft:font/nonlatin_european.png,minecraft:font/accented.png,minecraft:font/ascii.png]
[18:58:09] [Worker-Main-7/INFO]: Loaded font: 'minecraft:default', font set: [minecraft:include/space / minecraft:space,minecraft:font/nonlatin_european.png,minecraft:font/accented.png,minecraft:font/ascii.png]
[18:58:09] [Worker-Main-7/INFO]: Loaded font: 'minecraft:illageralt', font set: [minecraft:include/space / minecraft:space,minecraft:font/asciillager.png]
[18:58:09] [Worker-Main-7/INFO]: Loaded font: 'minecraft:include/unifont_pua', font set: [Inter Frozen Medium,Source Han Sans CN Medium,Segoe UI Variable,Segoe UI,SimHei,Segoe UI Symbol,mui-i18n-compat]
[18:58:09] [Worker-Main-7/INFO]: Loaded font: 'minecraft:alt', font set: [minecraft:include/space / minecraft:space,minecraft:font/ascii_sga.png]
[18:58:11] [Render thread/INFO]: OpenAL initialized on device OpenAL Soft on 扬声器 (Realtek(R) Audio)
[18:58:11] [Render thread/INFO]: Sound engine started
[18:58:11] [Render thread/INFO]: Font 'Noto Sans' failed to load or invalid
[18:58:11] [Render thread/INFO]: Font 'San Francisco' failed to load or invalid
[18:58:11] [Render thread/INFO]: Font 'Open Sans' failed to load or invalid
[18:58:11] [Render thread/INFO]: Font 'STHeiti' failed to load or invalid
[18:58:11] [Render thread/INFO]: Reloaded typeface: FontCollection{mFamilies=[Google Noto Color Emoji, Inter Frozen Medium, Source Han Sans CN Medium, Segoe UI Variable, Segoe UI, SimHei, Segoe UI Symbol, mui-i18n-compat], mExclusiveEastAsianBits=null}
[18:58:11] [Render thread/INFO]: Reloaded glyph manager
[18:58:11] [Render thread/INFO]: Reloaded text layout engine, res level: 3 to 3, locale: zh_CN, layout RTL: false
[18:58:11] [Render thread/INFO]: Created: 4096x2048x0 minecraft:textures/atlas/blocks.png-atlas
[18:58:11] [Render thread/INFO]: Created: 256x256x4 minecraft:textures/atlas/signs.png-atlas
[18:58:11] [Render thread/INFO]: Created: 512x512x4 minecraft:textures/atlas/banner_patterns.png-atlas
[18:58:11] [Render thread/INFO]: Created: 512x512x4 minecraft:textures/atlas/shield_patterns.png-atlas
[18:58:11] [Render thread/INFO]: Created: 2048x1024x4 minecraft:textures/atlas/armor_trims.png-atlas
[18:58:11] [Render thread/INFO]: Created: 256x256x4 minecraft:textures/atlas/chest.png-atlas
[18:58:11] [Render thread/INFO]: Created: 128x64x4 minecraft:textures/atlas/decorated_pot.png-atlas
[18:58:11] [Render thread/INFO]: Created: 512x256x4 minecraft:textures/atlas/beds.png-atlas
[18:58:11] [Render thread/INFO]: Created: 512x256x4 minecraft:textures/atlas/shulker_boxes.png-atlas
[18:58:11] [Render thread/INFO]: Created: 64x64x0 minecraft:textures/atlas/map_decorations.png-atlas
[18:58:11] [Render thread/INFO]: Created: 512x256x0 minecraft:textures/atlas/particles.png-atlas
[18:58:11] [Render thread/INFO]: Created: 512x256x0 minecraft:textures/atlas/paintings.png-atlas
[18:58:11] [Render thread/INFO]: Created: 1024x1024x0 minecraft:textures/atlas/gui.png-atlas
[18:58:11] [Render thread/INFO]: Reloaded glyph manager
[18:58:11] [Render thread/INFO]: Reloaded text layout engine, res level: 3 to 3, locale: zh_CN, layout RTL: false
[18:58:11] [IO-Worker-1/INFO]: Could not authorize you against Realms server: java.lang.RuntimeException: Failed to parse into SignedJWT: 000000000000300B9C3B6DBCBF020B9C
[18:58:11] [IO-Worker-1/ERROR]: Couldn't connect to realms
net.minecraft.class_4355: Realms authentication error with message 'java.lang.RuntimeException: Failed to parse into SignedJWT: 000000000000300B9C3B6DBCBF020B9C'
	at knot/net.minecraft.class_4341.method_20998(class_4341.java:538) ~[client-intermediary.jar:?]
	at knot/net.minecraft.class_4341.method_21027(class_4341.java:318) ~[client-intermediary.jar:?]
	at knot/net.minecraft.class_8647.method_52627(class_8647.java:51) ~[client-intermediary.jar:?]
	at java.base/java.util.concurrent.CompletableFuture$AsyncSupply.run(CompletableFuture.java:1768) ~[?:?]
	at java.base/java.util.concurrent.ThreadPoolExecutor.runWorker(ThreadPoolExecutor.java:1144) ~[?:?]
	at java.base/java.util.concurrent.ThreadPoolExecutor$Worker.run(ThreadPoolExecutor.java:642) ~[?:?]
	at java.base/java.lang.Thread.run(Thread.java:1583) [?:?]
[18:58:17] [Render thread/INFO]: Loaded 1407 recipes
[18:58:17] [Render thread/INFO]: Loaded 1520 advancements
[18:58:17] [Render thread/INFO]: Applied 0 biome modifications to 0 of 65 new biomes in 2.132 ms
[18:58:17] [Server thread/INFO]: Starting integrated minecraft server version 1.21.8
[18:58:17] [Server thread/INFO]: Generating keypair
[18:58:18] [Server thread/INFO]: Preparing start region for dimension minecraft:overworld
[18:58:18] [Render thread/INFO]: 准备生成区域中：0%
[18:58:18] [Render thread/INFO]: Time elapsed: 304 ms
[18:58:18] [Server thread/INFO]: Changing view distance to 12, from 10
[18:58:18] [Server thread/INFO]: Changing simulation distance to 12, from 0
[18:58:19] [Server thread/INFO]: fortimesand[local:E:ff25cb2e] logged in with entity id 18 at (-28.44115764685137, -60.0, 1.820602096546511)
[18:58:19] [Server thread/INFO]: fortimesand加入了游戏
[18:58:19] [Render thread/INFO]: Resizing Dynamic Transforms UBO, capacity limit of 2 reached during a single frame. New capacity will be 4.
[18:58:20] [Render thread/INFO]: Loaded 2 advancements
[18:58:20] [Render thread/INFO]: Resizing Dynamic Transforms UBO, capacity limit of 4 reached during a single frame. New capacity will be 8.
[18:58:20] [Render thread/INFO]: Resizing Dynamic Transforms UBO, capacity limit of 8 reached during a single frame. New capacity will be 16.
[18:58:20] [Render thread/INFO]: Resizing Dynamic Transforms UBO, capacity limit of 16 reached during a single frame. New capacity will be 32.
[18:58:20] [Render thread/INFO]: Resizing Dynamic Transforms UBO, capacity limit of 32 reached during a single frame. New capacity will be 64.
[18:58:20] [Render thread/INFO]: Resizing Dynamic Transforms UBO, capacity limit of 64 reached during a single frame. New capacity will be 128.
[18:58:20] [Render thread/INFO]: Resizing Dynamic Transforms UBO, capacity limit of 128 reached during a single frame. New capacity will be 256.
[18:58:21] [Render thread/INFO]: Resizing Dynamic Transforms UBO, capacity limit of 256 reached during a single frame. New capacity will be 512.
[18:58:23] [Server thread/INFO]: Saving and pausing game...
[18:58:23] [Server thread/INFO]: Saving chunks for level 'ServerLevel[新的世界]'/minecraft:overworld
[18:58:23] [Server thread/INFO]: Saving chunks for level 'ServerLevel[新的世界]'/minecraft:the_end
[18:58:23] [Server thread/INFO]: Saving chunks for level 'ServerLevel[新的世界]'/minecraft:the_nether
[18:58:25] [Render thread/INFO]: Using default channel type
[18:58:25] [Render thread/INFO]: Started serving on 50873
[18:58:25] [Render thread/INFO]: [System] [CHAT] 本地游戏已在端口[50873]上开启
[18:58:25] [Download-1/ERROR]: Failed to retrieve profile key pair
com.mojang.authlib.exceptions.MinecraftClientHttpException: Status: 401
	at knot/com.mojang.authlib.minecraft.client.MinecraftClient.readInputStream(MinecraftClient.java:103) ~[authlib-6.0.58.jar:?]
	at knot/com.mojang.authlib.minecraft.client.MinecraftClient.post(MinecraftClient.java:64) ~[authlib-6.0.58.jar:?]
	at knot/com.mojang.authlib.yggdrasil.YggdrasilUserApiService.getKeyPair(YggdrasilUserApiService.java:61) ~[authlib-6.0.58.jar:?]
	at knot/net.minecraft.class_7434.method_43605(class_7434.java:129) ~[client-intermediary.jar:?]
	at knot/net.minecraft.class_7434.method_44291(class_7434.java:77) ~[client-intermediary.jar:?]
	at java.base/java.util.concurrent.CompletableFuture$AsyncSupply.run(CompletableFuture.java:1768) ~[?:?]
	at java.base/java.util.concurrent.ThreadPoolExecutor.runWorker(ThreadPoolExecutor.java:1144) ~[?:?]
	at java.base/java.util.concurrent.ThreadPoolExecutor$Worker.run(ThreadPoolExecutor.java:642) ~[?:?]
	at java.base/java.lang.Thread.run(Thread.java:1583) [?:?]
[18:58:25] [Download-2/ERROR]: Failed to retrieve profile key pair
com.mojang.authlib.exceptions.MinecraftClientHttpException: Status: 401
	at knot/com.mojang.authlib.minecraft.client.MinecraftClient.readInputStream(MinecraftClient.java:103) ~[authlib-6.0.58.jar:?]
	at knot/com.mojang.authlib.minecraft.client.MinecraftClient.post(MinecraftClient.java:64) ~[authlib-6.0.58.jar:?]
	at knot/com.mojang.authlib.yggdrasil.YggdrasilUserApiService.getKeyPair(YggdrasilUserApiService.java:61) ~[authlib-6.0.58.jar:?]
	at knot/net.minecraft.class_7434.method_43605(class_7434.java:129) ~[client-intermediary.jar:?]
	at knot/net.minecraft.class_7434.method_44291(class_7434.java:77) ~[client-intermediary.jar:?]
	at java.base/java.util.concurrent.CompletableFuture$AsyncSupply.run(CompletableFuture.java:1768) ~[?:?]
	at java.base/java.util.concurrent.ThreadPoolExecutor.runWorker(ThreadPoolExecutor.java:1144) ~[?:?]
	at java.base/java.util.concurrent.ThreadPoolExecutor$Worker.run(ThreadPoolExecutor.java:642) ~[?:?]
	at java.base/java.lang.Thread.run(Thread.java:1583) [?:?]
[18:58:27] [Render thread/INFO]: 尝试从文件加载配置: E:\魔法少女的溃论覆辙2\.minecraft\versions\mod测试专用整合包\config\imitate.json
[18:58:27] [Render thread/INFO]: 配置已从文件加载: 阶段1切换冷却=0, 阶段1声波冷却=0
[18:58:27] [Render thread/INFO]: 获取配置实例: 阶段1切换冷却=0, 阶段1声波冷却=0
[18:58:28] [MCWiFiPnP_UPnP/INFO]: [System] [CHAT] 无法转发端口50873：路由器上未启用UPnP，你可能需要端口映射软件。
[18:58:28] [MCWiFiPnP/INFO]: [System] [CHAT] 成功获取到[内网IPv4][公网IPv4]，由于NAT等因素，这些IP可能仍旧无法直接联机。
[18:58:28] [Server thread/INFO]: 获取配置实例: 阶段1切换冷却=0, 阶段1声波冷却=0
[18:58:28] [Server thread/INFO]: 设置模仿: 玩家=fortimesand, 角色=莲见蕾雅, 阶段=1, 持续时间=0, 切换冷却=0
[18:58:28] [Render thread/INFO]: [System] [CHAT] §a你已开始模仿 ◆ 莲见蕾雅§a，持续时间: 无限
[18:58:29] [Server thread/INFO]: fortimesand lost connection: 非法聊天字符
[18:58:29] [Server thread/INFO]: fortimesand退出了游戏
[18:58:29] [Server thread/INFO]: Stopping singleplayer server as player logged out
[18:58:29] [Server thread/INFO]: Stopped forwarding port 50873.
[18:58:29] [Server thread/INFO]: Stopping server
[18:58:29] [Server thread/INFO]: Saving players
[18:58:29] [Server thread/INFO]: Saving worlds
[18:58:30] [Server thread/INFO]: Saving chunks for level 'ServerLevel[新的世界]'/minecraft:overworld
[18:58:30] [Server thread/INFO]: Saving chunks for level 'ServerLevel[新的世界]'/minecraft:the_end
[18:58:30] [Server thread/INFO]: Saving chunks for level 'ServerLevel[新的世界]'/minecraft:the_nether
[18:58:30] [Server thread/INFO]: ThreadedAnvilChunkStorage (新的世界): All chunks are saved
[18:58:30] [Server thread/INFO]: ThreadedAnvilChunkStorage (DIM1): All chunks are saved
[18:58:30] [Server thread/INFO]: ThreadedAnvilChunkStorage (DIM-1): All chunks are saved
[18:58:30] [Server thread/INFO]: ThreadedAnvilChunkStorage: All dimensions are saved
[18:58:30] [Render thread/WARN]: Client disconnected with reason: 非法聊天字符
